<?xml version="1.0" encoding="UTF-8"?>
<testsuite xmlns:xsi="http://www.w3.org/2001/XMLSchema-instance" xsi:noNamespaceSchemaLocation="https://maven.apache.org/surefire/maven-surefire-plugin/xsd/surefire-test-report-3.0.xsd" version="3.0" name="com.ParcialKarent.app.ParcialKarentApplicationTests" time="7.879" tests="1" errors="0" skipped="0" failures="0">
  <properties>
[...]
</properties>
  <testcase name="contextLoads" classname="com.ParcialKarent.app.ParcialKarentApplicationTests" time="1.884">
    <system-out><![CDATA[11:25:37.945 [main] INFO org.springframework.test.context.support.AnnotationConfigContextLoaderUtils -- Could not detect default configuration classes for test class [com.ParcialKarent.app.ParcialKarentApplicationTests]: ParcialKarentApplicationTests does not declare any static, non-private, non-final, nested classes annotated with @Configuration.
11:25:38.163 [main] INFO org.springframework.boot.test.context.SpringBootTestContextBootstrapper -- Found @SpringBootConfiguration com.ParcialKarent.app.ParcialKarentApplication for test class com.ParcialKarent.app.ParcialKarentApplicationTests
11:25:38.495 [main] INFO org.springframework.boot.devtools.restart.RestartApplicationListener -- Restart disabled due to context in which it is running

  .   ____          _            __ _ _
 /\\ / ___'_ __ _ _(_)_ __  __ _ \ \ \ \
( ( )\___ | '_ | '_| | '_ \/ _` | \ \ \ \
 \\/  ___)| |_)| | | | | || (_| |  ) ) ) )
  '  |____| .__|_| |_|_| |_\__, | / / / /
 =========|_|==============|___/=/_/_/_/

 :: Spring Boot ::                (v3.3.5)

2024-10-24T11:25:39.024-05:00  INFO 19564 --- [ParcialKarent] [           main] c.P.app.ParcialKarentApplicationTests    : Starting ParcialKarentApplicationTests using Java 17.0.10 with PID 19564 (started by Karent Garces in D:\Spring Trabajos\ParcialKarent)
2024-10-24T11:25:39.028-05:00  INFO 19564 --- [ParcialKarent] [           main] c.P.app.ParcialKarentApplicationTests    : No active profile set, falling back to 1 default profile: "default"
2024-10-24T11:25:40.305-05:00  INFO 19564 --- [ParcialKarent] [           main] .s.d.r.c.RepositoryConfigurationDelegate : Bootstrapping Spring Data MongoDB repositories in DEFAULT mode.
2024-10-24T11:25:40.428-05:00  INFO 19564 --- [ParcialKarent] [           main] .s.d.r.c.RepositoryConfigurationDelegate : Finished Spring Data repository scanning in 111 ms. Found 3 MongoDB repository interfaces.
2024-10-24T11:25:41.690-05:00  INFO 19564 --- [ParcialKarent] [           main] org.mongodb.driver.client                : MongoClient with metadata {"driver": {"name": "mongo-java-driver|sync|spring-boot", "version": "5.0.1"}, "os": {"type": "Windows", "name": "Windows 11", "architecture": "amd64", "version": "10.0"}, "platform": "Java/Eclipse Adoptium/17.0.10+7"} created with settings MongoClientSettings{readPreference=primary, writeConcern=WriteConcern{w=majority, wTimeout=null ms, journal=null}, retryWrites=true, retryReads=true, readConcern=ReadConcern{level=null}, credential=MongoCredential{mechanism=null, userName='Karent', source='admin', password=<hidden>, mechanismProperties=<hidden>}, transportSettings=null, commandListeners=[], codecRegistry=ProvidersCodecRegistry{codecProviders=[ValueCodecProvider{}, BsonValueCodecProvider{}, DBRefCodecProvider{}, DBObjectCodecProvider{}, DocumentCodecProvider{}, CollectionCodecProvider{}, IterableCodecProvider{}, MapCodecProvider{}, GeoJsonCodecProvider{}, GridFSFileCodecProvider{}, Jsr310CodecProvider{}, JsonObjectCodecProvider{}, BsonCodecProvider{}, EnumCodecProvider{}, com.mongodb.client.model.mql.ExpressionCodecProvider@12d2ddde, com.mongodb.Jep395RecordCodecProvider@62b475e2, com.mongodb.KotlinCodecProvider@e9474f]}, loggerSettings=LoggerSettings{maxDocumentLength=1000}, clusterSettings={hosts=[127.0.0.1:27017], srvHost=servidorkarent.3aw9a.mongodb.net, srvServiceName=mongodb, mode=MULTIPLE, requiredClusterType=REPLICA_SET, requiredReplicaSetName='atlas-u2myic-shard-0', serverSelector='null', clusterListeners='[]', serverSelectionTimeout='30000 ms', localThreshold='15 ms'}, socketSettings=SocketSettings{connectTimeoutMS=10000, readTimeoutMS=0, receiveBufferSize=0, proxySettings=ProxySettings{host=null, port=null, username=null, password=null}}, heartbeatSocketSettings=SocketSettings{connectTimeoutMS=10000, readTimeoutMS=10000, receiveBufferSize=0, proxySettings=ProxySettings{host=null, port=null, username=null, password=null}}, connectionPoolSettings=ConnectionPoolSettings{maxSize=100, minSize=0, maxWaitTimeMS=120000, maxConnectionLifeTimeMS=0, maxConnectionIdleTimeMS=0, maintenanceInitialDelayMS=0, maintenanceFrequencyMS=60000, connectionPoolListeners=[], maxConnecting=2}, serverSettings=ServerSettings{heartbeatFrequencyMS=10000, minHeartbeatFrequencyMS=500, serverListeners='[]', serverMonitorListeners='[]'}, sslSettings=SslSettings{enabled=true, invalidHostNameAllowed=false, context=null}, applicationName='null', compressorList=[], uuidRepresentation=JAVA_LEGACY, serverApi=null, autoEncryptionSettings=null, dnsClient=null, inetAddressResolver=null, contextProvider=null}
2024-10-24T11:25:41.744-05:00  INFO 19564 --- [ParcialKarent] [w9a.mongodb.net] org.mongodb.driver.cluster               : Adding discovered server servidorkarent-shard-00-00.3aw9a.mongodb.net:27017 to client view of cluster
2024-10-24T11:25:41.824-05:00  INFO 19564 --- [ParcialKarent] [w9a.mongodb.net] org.mongodb.driver.cluster               : Adding discovered server servidorkarent-shard-00-02.3aw9a.mongodb.net:27017 to client view of cluster
2024-10-24T11:25:41.850-05:00  INFO 19564 --- [ParcialKarent] [w9a.mongodb.net] org.mongodb.driver.cluster               : Adding discovered server servidorkarent-shard-00-01.3aw9a.mongodb.net:27017 to client view of cluster
2024-10-24T11:25:42.825-05:00  INFO 19564 --- [ParcialKarent] [           main] o.s.b.a.w.s.WelcomePageHandlerMapping    : Adding welcome page template: index
2024-10-24T11:25:43.270-05:00  INFO 19564 --- [ParcialKarent] [ngodb.net:27017] org.mongodb.driver.cluster               : Monitor thread successfully connected to server with description ServerDescription{address=servidorkarent-shard-00-01.3aw9a.mongodb.net:27017, type=REPLICA_SET_SECONDARY, state=CONNECTED, ok=true, minWireVersion=0, maxWireVersion=21, maxDocumentSize=16777216, logicalSessionTimeoutMinutes=30, roundTripTimeNanos=782608300, setName='atlas-u2myic-shard-0', canonicalAddress=servidorkarent-shard-00-01.3aw9a.mongodb.net:27017, hosts=[servidorkarent-shard-00-01.3aw9a.mongodb.net:27017, servidorkarent-shard-00-02.3aw9a.mongodb.net:27017, servidorkarent-shard-00-00.3aw9a.mongodb.net:27017], passives=[], arbiters=[], primary='servidorkarent-shard-00-02.3aw9a.mongodb.net:27017', tagSet=TagSet{[Tag{name='availabilityZone', value='southamerica-east1-b'}, Tag{name='diskState', value='READY'}, Tag{name='nodeType', value='ELECTABLE'}, Tag{name='provider', value='GCP'}, Tag{name='region', value='SOUTH_AMERICA_EAST_1'}, Tag{name='workloadType', value='OPERATIONAL'}]}, electionId=null, setVersion=14, topologyVersion=TopologyVersion{processId=6707e7923d180b967c7448c8, counter=3}, lastWriteDate=Thu Oct 24 11:25:45 COT 2024, lastUpdateTimeNanos=2042776236779900}
2024-10-24T11:25:43.270-05:00  INFO 19564 --- [ParcialKarent] [ngodb.net:27017] org.mongodb.driver.cluster               : Monitor thread successfully connected to server with description ServerDescription{address=servidorkarent-shard-00-02.3aw9a.mongodb.net:27017, type=REPLICA_SET_PRIMARY, state=CONNECTED, ok=true, minWireVersion=0, maxWireVersion=21, maxDocumentSize=16777216, logicalSessionTimeoutMinutes=30, roundTripTimeNanos=782695500, setName='atlas-u2myic-shard-0', canonicalAddress=servidorkarent-shard-00-02.3aw9a.mongodb.net:27017, hosts=[servidorkarent-shard-00-01.3aw9a.mongodb.net:27017, servidorkarent-shard-00-02.3aw9a.mongodb.net:27017, servidorkarent-shard-00-00.3aw9a.mongodb.net:27017], passives=[], arbiters=[], primary='servidorkarent-shard-00-02.3aw9a.mongodb.net:27017', tagSet=TagSet{[Tag{name='availabilityZone', value='southamerica-east1-c'}, Tag{name='diskState', value='READY'}, Tag{name='nodeType', value='ELECTABLE'}, Tag{name='provider', value='GCP'}, Tag{name='region', value='SOUTH_AMERICA_EAST_1'}, Tag{name='workloadType', value='OPERATIONAL'}]}, electionId=7fffffff0000000000000094, setVersion=14, topologyVersion=TopologyVersion{processId=6707e5faf1e51e9ad5149a05, counter=6}, lastWriteDate=Thu Oct 24 11:25:45 COT 2024, lastUpdateTimeNanos=2042776236779900}
2024-10-24T11:25:43.270-05:00  INFO 19564 --- [ParcialKarent] [ngodb.net:27017] org.mongodb.driver.cluster               : Monitor thread successfully connected to server with description ServerDescription{address=servidorkarent-shard-00-00.3aw9a.mongodb.net:27017, type=REPLICA_SET_SECONDARY, state=CONNECTED, ok=true, minWireVersion=0, maxWireVersion=21, maxDocumentSize=16777216, logicalSessionTimeoutMinutes=30, roundTripTimeNanos=782695600, setName='atlas-u2myic-shard-0', canonicalAddress=servidorkarent-shard-00-00.3aw9a.mongodb.net:27017, hosts=[servidorkarent-shard-00-01.3aw9a.mongodb.net:27017, servidorkarent-shard-00-02.3aw9a.mongodb.net:27017, servidorkarent-shard-00-00.3aw9a.mongodb.net:27017], passives=[], arbiters=[], primary='servidorkarent-shard-00-02.3aw9a.mongodb.net:27017', tagSet=TagSet{[Tag{name='availabilityZone', value='southamerica-east1-a'}, Tag{name='diskState', value='READY'}, Tag{name='nodeType', value='ELECTABLE'}, Tag{name='provider', value='GCP'}, Tag{name='region', value='SOUTH_AMERICA_EAST_1'}, Tag{name='workloadType', value='OPERATIONAL'}]}, electionId=null, setVersion=14, topologyVersion=TopologyVersion{processId=6707e38139405266111ae729, counter=4}, lastWriteDate=Thu Oct 24 11:25:45 COT 2024, lastUpdateTimeNanos=2042776236779800}
2024-10-24T11:25:43.281-05:00  INFO 19564 --- [ParcialKarent] [ngodb.net:27017] org.mongodb.driver.cluster               : Discovered replica set primary servidorkarent-shard-00-02.3aw9a.mongodb.net:27017 with max election id 7fffffff0000000000000094 and max set version 14
2024-10-24T11:25:43.585-05:00  INFO 19564 --- [ParcialKarent] [           main] c.P.app.ParcialKarentApplicationTests    : Started ParcialKarentApplicationTests in 5.115 seconds (process running for 7.233)
]]></system-out>
  </testcase>
</testsuite>